f:\workspace\cryptopp564\win32\cryptlib\release\cryptlib.pch
f:\workspace\cryptopp564\win32\output\release\vc120.pdb
f:\workspace\cryptopp564\win32\cryptlib\release\pch.obj
f:\workspace\cryptopp564\win32\cryptlib\release\chacha.obj
f:\workspace\cryptopp564\win32\cryptlib\release\ccm.obj
f:\workspace\cryptopp564\win32\cryptlib\release\cbcmac.obj
f:\workspace\cryptopp564\win32\cryptlib\release\casts.obj
f:\workspace\cryptopp564\win32\cryptlib\release\cast.obj
f:\workspace\cryptopp564\win32\cryptlib\release\camellia.obj
f:\workspace\cryptopp564\win32\cryptlib\release\blumshub.obj
f:\workspace\cryptopp564\win32\cryptlib\release\blowfish.obj
f:\workspace\cryptopp564\win32\cryptlib\release\blake2.obj
f:\workspace\cryptopp564\win32\cryptlib\release\bfinit.obj
f:\workspace\cryptopp564\win32\cryptlib\release\basecode.obj
f:\workspace\cryptopp564\win32\cryptlib\release\base64.obj
f:\workspace\cryptopp564\win32\cryptlib\release\base32.obj
f:\workspace\cryptopp564\win32\cryptlib\release\authenc.obj
f:\workspace\cryptopp564\win32\cryptlib\release\asn.obj
f:\workspace\cryptopp564\win32\cryptlib\release\arc4.obj
f:\workspace\cryptopp564\win32\cryptlib\release\algparam.obj
f:\workspace\cryptopp564\win32\cryptlib\release\algebra.obj
f:\workspace\cryptopp564\win32\cryptlib\release\adler32.obj
f:\workspace\cryptopp564\win32\cryptlib\release\3way.obj
f:\workspace\cryptopp564\win32\cryptlib\release\fips140.obj
f:\workspace\cryptopp564\win32\cryptlib\release\filters.obj
f:\workspace\cryptopp564\win32\cryptlib\release\files.obj
f:\workspace\cryptopp564\win32\cryptlib\release\esign.obj
f:\workspace\cryptopp564\win32\cryptlib\release\emsa2.obj
f:\workspace\cryptopp564\win32\cryptlib\release\elgamal.obj
f:\workspace\cryptopp564\win32\cryptlib\release\ecp.obj
f:\workspace\cryptopp564\win32\cryptlib\release\ec2n.obj
f:\workspace\cryptopp564\win32\cryptlib\release\eax.obj
f:\workspace\cryptopp564\win32\cryptlib\release\dsa.obj
f:\workspace\cryptopp564\win32\cryptlib\release\dh2.obj
f:\workspace\cryptopp564\win32\cryptlib\release\dh.obj
f:\workspace\cryptopp564\win32\cryptlib\release\dessp.obj
f:\workspace\cryptopp564\win32\cryptlib\release\des.obj
f:\workspace\cryptopp564\win32\cryptlib\release\default.obj
f:\workspace\cryptopp564\win32\cryptlib\release\cryptlib.obj
f:\workspace\cryptopp564\win32\cryptlib\release\crc.obj
f:\workspace\cryptopp564\win32\cryptlib\release\cpu.obj
f:\workspace\cryptopp564\win32\cryptlib\release\cmac.obj
f:\workspace\cryptopp564\win32\cryptlib\release\channels.obj
f:\workspace\cryptopp564\win32\cryptlib\release\md4.obj
f:\workspace\cryptopp564\win32\cryptlib\release\md2.obj
f:\workspace\cryptopp564\win32\cryptlib\release\marss.obj
f:\workspace\cryptopp564\win32\cryptlib\release\mars.obj
f:\workspace\cryptopp564\win32\cryptlib\release\luc.obj
f:\workspace\cryptopp564\win32\cryptlib\release\keccak.obj
f:\workspace\cryptopp564\win32\cryptlib\release\integer.obj
f:\workspace\cryptopp564\win32\cryptlib\release\idea.obj
f:\workspace\cryptopp564\win32\cryptlib\release\ida.obj
f:\workspace\cryptopp564\win32\cryptlib\release\hrtimer.obj
f:\workspace\cryptopp564\win32\cryptlib\release\hmac.obj
f:\workspace\cryptopp564\win32\cryptlib\release\hex.obj
f:\workspace\cryptopp564\win32\cryptlib\release\gzip.obj
f:\workspace\cryptopp564\win32\cryptlib\release\gost.obj
f:\workspace\cryptopp564\win32\cryptlib\release\gfpcrypt.obj
f:\workspace\cryptopp564\win32\cryptlib\release\gf2n.obj
f:\workspace\cryptopp564\win32\cryptlib\release\gf2_32.obj
f:\workspace\cryptopp564\win32\cryptlib\release\gf256.obj
f:\workspace\cryptopp564\win32\cryptlib\release\gcm.obj
f:\workspace\cryptopp564\win32\cryptlib\release\fipstest.obj
f:\workspace\cryptopp564\win32\cryptlib\release\rc6.obj
f:\workspace\cryptopp564\win32\cryptlib\release\rc5.obj
f:\workspace\cryptopp564\win32\cryptlib\release\rc2.obj
f:\workspace\cryptopp564\win32\cryptlib\release\randpool.obj
f:\workspace\cryptopp564\win32\cryptlib\release\rabin.obj
f:\workspace\cryptopp564\win32\cryptlib\release\queue.obj
f:\workspace\cryptopp564\win32\cryptlib\release\pubkey.obj
f:\workspace\cryptopp564\win32\cryptlib\release\pssr.obj
f:\workspace\cryptopp564\win32\cryptlib\release\polynomi.obj
f:\workspace\cryptopp564\win32\cryptlib\release\pkcspad.obj
f:\workspace\cryptopp564\win32\cryptlib\release\panama.obj
f:\workspace\cryptopp564\win32\cryptlib\release\osrng.obj
f:\workspace\cryptopp564\win32\cryptlib\release\oaep.obj
f:\workspace\cryptopp564\win32\cryptlib\release\network.obj
f:\workspace\cryptopp564\win32\cryptlib\release\nbtheory.obj
f:\workspace\cryptopp564\win32\cryptlib\release\mqv.obj
f:\workspace\cryptopp564\win32\cryptlib\release\mqueue.obj
f:\workspace\cryptopp564\win32\cryptlib\release\modes.obj
f:\workspace\cryptopp564\win32\cryptlib\release\misc.obj
f:\workspace\cryptopp564\win32\cryptlib\release\md5.obj
f:\workspace\cryptopp564\win32\cryptlib\release\socketft.obj
f:\workspace\cryptopp564\win32\cryptlib\release\skipjack.obj
f:\workspace\cryptopp564\win32\cryptlib\release\simple.obj
f:\workspace\cryptopp564\win32\cryptlib\release\sharkbox.obj
f:\workspace\cryptopp564\win32\cryptlib\release\shark.obj
f:\workspace\cryptopp564\win32\cryptlib\release\shacal2.obj
f:\workspace\cryptopp564\win32\cryptlib\release\sha3.obj
f:\workspace\cryptopp564\win32\cryptlib\release\sha.obj
f:\workspace\cryptopp564\win32\cryptlib\release\serpent.obj
f:\workspace\cryptopp564\win32\cryptlib\release\seed.obj
f:\workspace\cryptopp564\win32\cryptlib\release\seal.obj
f:\workspace\cryptopp564\win32\cryptlib\release\salsa.obj
f:\workspace\cryptopp564\win32\cryptlib\release\safer.obj
f:\workspace\cryptopp564\win32\cryptlib\release\rw.obj
f:\workspace\cryptopp564\win32\cryptlib\release\rsa.obj
f:\workspace\cryptopp564\win32\cryptlib\release\rng.obj
f:\workspace\cryptopp564\win32\cryptlib\release\ripemd.obj
f:\workspace\cryptopp564\win32\cryptlib\release\rijndael.obj
f:\workspace\cryptopp564\win32\cryptlib\release\rdtables.obj
f:\workspace\cryptopp564\win32\cryptlib\release\rdrand.obj
f:\workspace\cryptopp564\win32\cryptlib\release\zinflate.obj
f:\workspace\cryptopp564\win32\cryptlib\release\zdeflate.obj
f:\workspace\cryptopp564\win32\cryptlib\release\xtrcrypt.obj
f:\workspace\cryptopp564\win32\cryptlib\release\xtr.obj
f:\workspace\cryptopp564\win32\cryptlib\release\winpipes.obj
f:\workspace\cryptopp564\win32\cryptlib\release\whrlpool.obj
f:\workspace\cryptopp564\win32\cryptlib\release\wake.obj
f:\workspace\cryptopp564\win32\cryptlib\release\wait.obj
f:\workspace\cryptopp564\win32\cryptlib\release\vmac.obj
f:\workspace\cryptopp564\win32\cryptlib\release\twofish.obj
f:\workspace\cryptopp564\win32\cryptlib\release\ttmac.obj
f:\workspace\cryptopp564\win32\cryptlib\release\trdlocal.obj
f:\workspace\cryptopp564\win32\cryptlib\release\tigertab.obj
f:\workspace\cryptopp564\win32\cryptlib\release\tiger.obj
f:\workspace\cryptopp564\win32\cryptlib\release\tftables.obj
f:\workspace\cryptopp564\win32\cryptlib\release\tea.obj
f:\workspace\cryptopp564\win32\cryptlib\release\strciphr.obj
f:\workspace\cryptopp564\win32\cryptlib\release\squaretb.obj
f:\workspace\cryptopp564\win32\cryptlib\release\square.obj
f:\workspace\cryptopp564\win32\cryptlib\release\sosemanuk.obj
f:\workspace\cryptopp564\win32\cryptlib\release\zlib.obj
f:\workspace\cryptopp564\win32\cryptlib\release\iterhash.obj
f:\workspace\cryptopp564\win32\cryptlib\release\dll.obj
f:\workspace\cryptopp564\adhoc.cpp.copied
f:\workspace\cryptopp564\win32\cryptlib\release\rdrand-x86.obj
f:\workspace\cryptopp564\win32\output\release\cryptlib.lib
f:\workspace\cryptopp564\win32\cryptlib\release\cryptlib.tlog\cl.command.1.tlog
f:\workspace\cryptopp564\win32\cryptlib\release\cryptlib.tlog\cl.read.1.tlog
f:\workspace\cryptopp564\win32\cryptlib\release\cryptlib.tlog\cl.write.1.tlog
f:\workspace\cryptopp564\win32\cryptlib\release\cryptlib.tlog\custombuild.command.1.tlog
f:\workspace\cryptopp564\win32\cryptlib\release\cryptlib.tlog\custombuild.read.1.tlog
f:\workspace\cryptopp564\win32\cryptlib\release\cryptlib.tlog\custombuild.write.1.tlog
f:\workspace\cryptopp564\win32\cryptlib\release\cryptlib.tlog\lib-link.read.1.tlog
f:\workspace\cryptopp564\win32\cryptlib\release\cryptlib.tlog\lib-link.write.1.tlog
f:\workspace\cryptopp564\win32\cryptlib\release\cryptlib.tlog\lib.command.1.tlog
