f:\workspace\cryptopp564\win32\cryptlib\debug\cryptlib_d.pch
f:\workspace\cryptopp564\win32\output\debug\vc120_d.pdb
f:\workspace\cryptopp564\win32\cryptlib\debug\pch.obj
f:\workspace\cryptopp564\win32\cryptlib\debug\chacha.obj
f:\workspace\cryptopp564\win32\cryptlib\debug\ccm.obj
f:\workspace\cryptopp564\win32\cryptlib\debug\cbcmac.obj
f:\workspace\cryptopp564\win32\cryptlib\debug\casts.obj
f:\workspace\cryptopp564\win32\cryptlib\debug\cast.obj
f:\workspace\cryptopp564\win32\cryptlib\debug\camellia.obj
f:\workspace\cryptopp564\win32\cryptlib\debug\blumshub.obj
f:\workspace\cryptopp564\win32\cryptlib\debug\blowfish.obj
f:\workspace\cryptopp564\win32\cryptlib\debug\blake2.obj
f:\workspace\cryptopp564\win32\cryptlib\debug\bfinit.obj
f:\workspace\cryptopp564\win32\cryptlib\debug\basecode.obj
f:\workspace\cryptopp564\win32\cryptlib\debug\base64.obj
f:\workspace\cryptopp564\win32\cryptlib\debug\base32.obj
f:\workspace\cryptopp564\win32\cryptlib\debug\authenc.obj
f:\workspace\cryptopp564\win32\cryptlib\debug\asn.obj
f:\workspace\cryptopp564\win32\cryptlib\debug\arc4.obj
f:\workspace\cryptopp564\win32\cryptlib\debug\algparam.obj
f:\workspace\cryptopp564\win32\cryptlib\debug\algebra.obj
f:\workspace\cryptopp564\win32\cryptlib\debug\adler32.obj
f:\workspace\cryptopp564\win32\cryptlib\debug\3way.obj
f:\workspace\cryptopp564\win32\cryptlib\debug\fips140.obj
f:\workspace\cryptopp564\win32\cryptlib\debug\filters.obj
f:\workspace\cryptopp564\win32\cryptlib\debug\files.obj
f:\workspace\cryptopp564\win32\cryptlib\debug\esign.obj
f:\workspace\cryptopp564\win32\cryptlib\debug\emsa2.obj
f:\workspace\cryptopp564\win32\cryptlib\debug\elgamal.obj
f:\workspace\cryptopp564\win32\cryptlib\debug\ecp.obj
f:\workspace\cryptopp564\win32\cryptlib\debug\ec2n.obj
f:\workspace\cryptopp564\win32\cryptlib\debug\eax.obj
f:\workspace\cryptopp564\win32\cryptlib\debug\dsa.obj
f:\workspace\cryptopp564\win32\cryptlib\debug\dh2.obj
f:\workspace\cryptopp564\win32\cryptlib\debug\dh.obj
f:\workspace\cryptopp564\win32\cryptlib\debug\dessp.obj
f:\workspace\cryptopp564\win32\cryptlib\debug\des.obj
f:\workspace\cryptopp564\win32\cryptlib\debug\default.obj
f:\workspace\cryptopp564\win32\cryptlib\debug\cryptlib.obj
f:\workspace\cryptopp564\win32\cryptlib\debug\crc.obj
f:\workspace\cryptopp564\win32\cryptlib\debug\cpu.obj
f:\workspace\cryptopp564\win32\cryptlib\debug\cmac.obj
f:\workspace\cryptopp564\win32\cryptlib\debug\channels.obj
f:\workspace\cryptopp564\win32\cryptlib\debug\md4.obj
f:\workspace\cryptopp564\win32\cryptlib\debug\md2.obj
f:\workspace\cryptopp564\win32\cryptlib\debug\marss.obj
f:\workspace\cryptopp564\win32\cryptlib\debug\mars.obj
f:\workspace\cryptopp564\win32\cryptlib\debug\luc.obj
f:\workspace\cryptopp564\win32\cryptlib\debug\keccak.obj
f:\workspace\cryptopp564\win32\cryptlib\debug\integer.obj
f:\workspace\cryptopp564\win32\cryptlib\debug\idea.obj
f:\workspace\cryptopp564\win32\cryptlib\debug\ida.obj
f:\workspace\cryptopp564\win32\cryptlib\debug\hrtimer.obj
f:\workspace\cryptopp564\win32\cryptlib\debug\hmac.obj
f:\workspace\cryptopp564\win32\cryptlib\debug\hex.obj
f:\workspace\cryptopp564\win32\cryptlib\debug\gzip.obj
f:\workspace\cryptopp564\win32\cryptlib\debug\gost.obj
f:\workspace\cryptopp564\win32\cryptlib\debug\gfpcrypt.obj
f:\workspace\cryptopp564\win32\cryptlib\debug\gf2n.obj
f:\workspace\cryptopp564\win32\cryptlib\debug\gf2_32.obj
f:\workspace\cryptopp564\win32\cryptlib\debug\gf256.obj
f:\workspace\cryptopp564\win32\cryptlib\debug\gcm.obj
f:\workspace\cryptopp564\win32\cryptlib\debug\fipstest.obj
f:\workspace\cryptopp564\win32\cryptlib\debug\rc6.obj
f:\workspace\cryptopp564\win32\cryptlib\debug\rc5.obj
f:\workspace\cryptopp564\win32\cryptlib\debug\rc2.obj
f:\workspace\cryptopp564\win32\cryptlib\debug\randpool.obj
f:\workspace\cryptopp564\win32\cryptlib\debug\rabin.obj
f:\workspace\cryptopp564\win32\cryptlib\debug\queue.obj
f:\workspace\cryptopp564\win32\cryptlib\debug\pubkey.obj
f:\workspace\cryptopp564\win32\cryptlib\debug\pssr.obj
f:\workspace\cryptopp564\win32\cryptlib\debug\polynomi.obj
f:\workspace\cryptopp564\win32\cryptlib\debug\pkcspad.obj
f:\workspace\cryptopp564\win32\cryptlib\debug\panama.obj
f:\workspace\cryptopp564\win32\cryptlib\debug\osrng.obj
f:\workspace\cryptopp564\win32\cryptlib\debug\oaep.obj
f:\workspace\cryptopp564\win32\cryptlib\debug\network.obj
f:\workspace\cryptopp564\win32\cryptlib\debug\nbtheory.obj
f:\workspace\cryptopp564\win32\cryptlib\debug\mqv.obj
f:\workspace\cryptopp564\win32\cryptlib\debug\mqueue.obj
f:\workspace\cryptopp564\win32\cryptlib\debug\modes.obj
f:\workspace\cryptopp564\win32\cryptlib\debug\misc.obj
f:\workspace\cryptopp564\win32\cryptlib\debug\md5.obj
f:\workspace\cryptopp564\win32\cryptlib\debug\socketft.obj
f:\workspace\cryptopp564\win32\cryptlib\debug\skipjack.obj
f:\workspace\cryptopp564\win32\cryptlib\debug\simple.obj
f:\workspace\cryptopp564\win32\cryptlib\debug\sharkbox.obj
f:\workspace\cryptopp564\win32\cryptlib\debug\shark.obj
f:\workspace\cryptopp564\win32\cryptlib\debug\shacal2.obj
f:\workspace\cryptopp564\win32\cryptlib\debug\sha3.obj
f:\workspace\cryptopp564\win32\cryptlib\debug\sha.obj
f:\workspace\cryptopp564\win32\cryptlib\debug\serpent.obj
f:\workspace\cryptopp564\win32\cryptlib\debug\seed.obj
f:\workspace\cryptopp564\win32\cryptlib\debug\seal.obj
f:\workspace\cryptopp564\win32\cryptlib\debug\salsa.obj
f:\workspace\cryptopp564\win32\cryptlib\debug\safer.obj
f:\workspace\cryptopp564\win32\cryptlib\debug\rw.obj
f:\workspace\cryptopp564\win32\cryptlib\debug\rsa.obj
f:\workspace\cryptopp564\win32\cryptlib\debug\rng.obj
f:\workspace\cryptopp564\win32\cryptlib\debug\ripemd.obj
f:\workspace\cryptopp564\win32\cryptlib\debug\rijndael.obj
f:\workspace\cryptopp564\win32\cryptlib\debug\rdtables.obj
f:\workspace\cryptopp564\win32\cryptlib\debug\rdrand.obj
f:\workspace\cryptopp564\win32\cryptlib\debug\zinflate.obj
f:\workspace\cryptopp564\win32\cryptlib\debug\zdeflate.obj
f:\workspace\cryptopp564\win32\cryptlib\debug\xtrcrypt.obj
f:\workspace\cryptopp564\win32\cryptlib\debug\xtr.obj
f:\workspace\cryptopp564\win32\cryptlib\debug\winpipes.obj
f:\workspace\cryptopp564\win32\cryptlib\debug\whrlpool.obj
f:\workspace\cryptopp564\win32\cryptlib\debug\wake.obj
f:\workspace\cryptopp564\win32\cryptlib\debug\wait.obj
f:\workspace\cryptopp564\win32\cryptlib\debug\vmac.obj
f:\workspace\cryptopp564\win32\cryptlib\debug\twofish.obj
f:\workspace\cryptopp564\win32\cryptlib\debug\ttmac.obj
f:\workspace\cryptopp564\win32\cryptlib\debug\trdlocal.obj
f:\workspace\cryptopp564\win32\cryptlib\debug\tigertab.obj
f:\workspace\cryptopp564\win32\cryptlib\debug\tiger.obj
f:\workspace\cryptopp564\win32\cryptlib\debug\tftables.obj
f:\workspace\cryptopp564\win32\cryptlib\debug\tea.obj
f:\workspace\cryptopp564\win32\cryptlib\debug\strciphr.obj
f:\workspace\cryptopp564\win32\cryptlib\debug\squaretb.obj
f:\workspace\cryptopp564\win32\cryptlib\debug\square.obj
f:\workspace\cryptopp564\win32\cryptlib\debug\sosemanuk.obj
f:\workspace\cryptopp564\win32\cryptlib\debug\zlib.obj
f:\workspace\cryptopp564\win32\cryptlib\debug\iterhash.obj
f:\workspace\cryptopp564\win32\cryptlib\debug\dll.obj
f:\workspace\cryptopp564\adhoc.cpp.copied
f:\workspace\cryptopp564\win32\cryptlib\debug\rdrand-x86.obj
f:\workspace\cryptopp564\win32\output\debug\cryptlib_d.lib
f:\workspace\cryptopp564\win32\cryptlib\debug\cryptlib.tlog\cl.command.1.tlog
f:\workspace\cryptopp564\win32\cryptlib\debug\cryptlib.tlog\cl.read.1.tlog
f:\workspace\cryptopp564\win32\cryptlib\debug\cryptlib.tlog\cl.write.1.tlog
f:\workspace\cryptopp564\win32\cryptlib\debug\cryptlib.tlog\custombuild.command.1.tlog
f:\workspace\cryptopp564\win32\cryptlib\debug\cryptlib.tlog\custombuild.read.1.tlog
f:\workspace\cryptopp564\win32\cryptlib\debug\cryptlib.tlog\custombuild.write.1.tlog
f:\workspace\cryptopp564\win32\cryptlib\debug\cryptlib.tlog\lib-link.read.1.tlog
f:\workspace\cryptopp564\win32\cryptlib\debug\cryptlib.tlog\lib-link.write.1.tlog
f:\workspace\cryptopp564\win32\cryptlib\debug\cryptlib.tlog\lib.command.1.tlog
